<?xml version="1.0" encoding="UTF-8"?>
<!-- Generated by org.testng.reporters.JUnitReportReporter -->
<testsuite hostname="LAPTOP-5RVEOITO" failures="0" tests="2" name="crm.vtiger.project.TestNG_OrganizationClass" time="28.601" errors="0" timestamp="2025-01-15T13:17:15 IST" skipped="0">
  <testcase classname="crm.vtiger.project.TestNG_OrganizationClass" name="createOrganizationMethod" time="17.650">
    <system-out>
      <![CDATA[Organization name Verified!!!]]>
    </system-out>
  </testcase> <!-- createOrganizationMethod -->
  <testcase classname="crm.vtiger.project.TestNG_OrganizationClass" name="createOrganizationWithIndustry" time="10.951"/>
  <system-out>
    <![CDATA[Organization name Verified!!!]]>
  </system-out>
</testsuite> <!-- crm.vtiger.project.TestNG_OrganizationClass -->
